CRITICAL - 2023-09-25 05:57:46 --> Invalid file: "main.php"
in SYSTEMPATH\Exceptions\FrameworkException.php on line 39.
 1 SYSTEMPATH\View\View.php(214): CodeIgniter\Exceptions\FrameworkException::forInvalidFile('main.php')
 2 SYSTEMPATH\Common.php(1188): CodeIgniter\View\View->render('main', [], true)
 3 APPPATH\Controllers\MainController.php(15): view('main')
 4 SYSTEMPATH\CodeIgniter.php(919): App\Controllers\MainController->view()
 5 SYSTEMPATH\CodeIgniter.php(494): CodeIgniter\CodeIgniter->runController(Object(App\Controllers\MainController))
 6 SYSTEMPATH\CodeIgniter.php(353): CodeIgniter\CodeIgniter->handleRequest(null, Object(Config\Cache), false)
 7 FCPATH\index.php(79): CodeIgniter\CodeIgniter->run()
 8 SYSTEMPATH\Commands\Server\rewrite.php(47): require_once('C:\\laragon\\www\\music_player_tutorial\\public\\index.php')
CRITICAL - 2023-09-25 05:58:02 --> Invalid file: "main.php"
in SYSTEMPATH\Exceptions\FrameworkException.php on line 39.
 1 SYSTEMPATH\View\View.php(214): CodeIgniter\Exceptions\FrameworkException::forInvalidFile('main.php')
 2 SYSTEMPATH\Common.php(1188): CodeIgniter\View\View->render('main', [], true)
 3 APPPATH\Controllers\MainController.php(15): view('main')
 4 SYSTEMPATH\CodeIgniter.php(919): App\Controllers\MainController->view()
 5 SYSTEMPATH\CodeIgniter.php(494): CodeIgniter\CodeIgniter->runController(Object(App\Controllers\MainController))
 6 SYSTEMPATH\CodeIgniter.php(353): CodeIgniter\CodeIgniter->handleRequest(null, Object(Config\Cache), false)
 7 FCPATH\index.php(79): CodeIgniter\CodeIgniter->run()
 8 SYSTEMPATH\Commands\Server\rewrite.php(47): require_once('C:\\laragon\\www\\music_player_tutorial\\public\\index.php')
ERROR - 2023-09-25 06:17:06 --> Error connecting to the database: mysqli_sql_exception: Unknown database 'spotify' in C:\laragon\www\music_player_tutorial\system\Database\MySQLi\Connection.php:185
Stack trace:
#0 C:\laragon\www\music_player_tutorial\system\Database\MySQLi\Connection.php(185): mysqli->real_connect('localhost', 'root', '', 'spotify', 3306, '', 0)
#1 C:\laragon\www\music_player_tutorial\system\Database\BaseConnection.php(391): CodeIgniter\Database\MySQLi\Connection->connect(false)
#2 C:\laragon\www\music_player_tutorial\system\Database\BaseConnection.php(574): CodeIgniter\Database\BaseConnection->initialize()
#3 C:\laragon\www\music_player_tutorial\system\Database\BaseBuilder.php(1615): CodeIgniter\Database\BaseConnection->query('SELECT *\nFROM `...', Array, false)
#4 C:\laragon\www\music_player_tutorial\system\Model.php(237): CodeIgniter\Database\BaseBuilder->get()
#5 C:\laragon\www\music_player_tutorial\system\BaseModel.php(624): CodeIgniter\Model->doFindAll(0, 0)
#6 C:\laragon\www\music_player_tutorial\app\Controllers\MainController.php(23): CodeIgniter\BaseModel->findAll()
#7 C:\laragon\www\music_player_tutorial\system\CodeIgniter.php(919): App\Controllers\MainController->view()
#8 C:\laragon\www\music_player_tutorial\system\CodeIgniter.php(494): CodeIgniter\CodeIgniter->runController(Object(App\Controllers\MainController))
#9 C:\laragon\www\music_player_tutorial\system\CodeIgniter.php(353): CodeIgniter\CodeIgniter->handleRequest(NULL, Object(Config\Cache), false)
#10 C:\laragon\www\music_player_tutorial\public\index.php(79): CodeIgniter\CodeIgniter->run()
#11 C:\laragon\www\music_player_tutorial\system\Commands\Server\rewrite.php(47): require_once('C:\\laragon\\www\\...')
#12 {main}

Next CodeIgniter\Database\Exceptions\DatabaseException: Unknown database 'spotify' in C:\laragon\www\music_player_tutorial\system\Database\MySQLi\Connection.php:229
Stack trace:
#0 C:\laragon\www\music_player_tutorial\system\Database\BaseConnection.php(391): CodeIgniter\Database\MySQLi\Connection->connect(false)
#1 C:\laragon\www\music_player_tutorial\system\Database\BaseConnection.php(574): CodeIgniter\Database\BaseConnection->initialize()
#2 C:\laragon\www\music_player_tutorial\system\Database\BaseBuilder.php(1615): CodeIgniter\Database\BaseConnection->query('SELECT *\nFROM `...', Array, false)
#3 C:\laragon\www\music_player_tutorial\system\Model.php(237): CodeIgniter\Database\BaseBuilder->get()
#4 C:\laragon\www\music_player_tutorial\system\BaseModel.php(624): CodeIgniter\Model->doFindAll(0, 0)
#5 C:\laragon\www\music_player_tutorial\app\Controllers\MainController.php(23): CodeIgniter\BaseModel->findAll()
#6 C:\laragon\www\music_player_tutorial\system\CodeIgniter.php(919): App\Controllers\MainController->view()
#7 C:\laragon\www\music_player_tutorial\system\CodeIgniter.php(494): CodeIgniter\CodeIgniter->runController(Object(App\Controllers\MainController))
#8 C:\laragon\www\music_player_tutorial\system\CodeIgniter.php(353): CodeIgniter\CodeIgniter->handleRequest(NULL, Object(Config\Cache), false)
#9 C:\laragon\www\music_player_tutorial\public\index.php(79): CodeIgniter\CodeIgniter->run()
#10 C:\laragon\www\music_player_tutorial\system\Commands\Server\rewrite.php(47): require_once('C:\\laragon\\www\\...')
#11 {main}
CRITICAL - 2023-09-25 06:17:06 --> Unable to connect to the database.
Main connection [MySQLi]: Unknown database 'spotify'
in SYSTEMPATH\Database\BaseConnection.php on line 427.
 1 SYSTEMPATH\Database\BaseConnection.php(574): CodeIgniter\Database\BaseConnection->initialize()
 2 SYSTEMPATH\Database\BaseBuilder.php(1615): CodeIgniter\Database\BaseConnection->query('SELECT *
FROM `playlist`', [], false)
 3 SYSTEMPATH\Model.php(237): CodeIgniter\Database\BaseBuilder->get()
 4 SYSTEMPATH\BaseModel.php(624): CodeIgniter\Model->doFindAll(0, 0)
 5 APPPATH\Controllers\MainController.php(23): CodeIgniter\BaseModel->findAll()
 6 SYSTEMPATH\CodeIgniter.php(919): App\Controllers\MainController->view()
 7 SYSTEMPATH\CodeIgniter.php(494): CodeIgniter\CodeIgniter->runController(Object(App\Controllers\MainController))
 8 SYSTEMPATH\CodeIgniter.php(353): CodeIgniter\CodeIgniter->handleRequest(null, Object(Config\Cache), false)
 9 FCPATH\index.php(79): CodeIgniter\CodeIgniter->run()
10 SYSTEMPATH\Commands\Server\rewrite.php(47): require_once('C:\\laragon\\www\\music_player_tutorial\\public\\index.php')
ERROR - 2023-09-25 06:17:07 --> Error connecting to the database: mysqli_sql_exception: Unknown database 'spotify' in C:\laragon\www\music_player_tutorial\system\Database\MySQLi\Connection.php:185
Stack trace:
#0 C:\laragon\www\music_player_tutorial\system\Database\MySQLi\Connection.php(185): mysqli->real_connect('localhost', 'root', '', 'spotify', 3306, '', 0)
#1 C:\laragon\www\music_player_tutorial\system\Database\BaseConnection.php(391): CodeIgniter\Database\MySQLi\Connection->connect(false)
#2 C:\laragon\www\music_player_tutorial\system\Database\BaseConnection.php(574): CodeIgniter\Database\BaseConnection->initialize()
#3 C:\laragon\www\music_player_tutorial\system\Database\BaseBuilder.php(1615): CodeIgniter\Database\BaseConnection->query('SELECT *\nFROM `...', Array, false)
#4 C:\laragon\www\music_player_tutorial\system\Model.php(237): CodeIgniter\Database\BaseBuilder->get()
#5 C:\laragon\www\music_player_tutorial\system\BaseModel.php(624): CodeIgniter\Model->doFindAll(0, 0)
#6 C:\laragon\www\music_player_tutorial\app\Controllers\MainController.php(23): CodeIgniter\BaseModel->findAll()
#7 C:\laragon\www\music_player_tutorial\system\CodeIgniter.php(919): App\Controllers\MainController->view()
#8 C:\laragon\www\music_player_tutorial\system\CodeIgniter.php(494): CodeIgniter\CodeIgniter->runController(Object(App\Controllers\MainController))
#9 C:\laragon\www\music_player_tutorial\system\CodeIgniter.php(353): CodeIgniter\CodeIgniter->handleRequest(NULL, Object(Config\Cache), false)
#10 C:\laragon\www\music_player_tutorial\public\index.php(79): CodeIgniter\CodeIgniter->run()
#11 C:\laragon\www\music_player_tutorial\system\Commands\Server\rewrite.php(47): require_once('C:\\laragon\\www\\...')
#12 {main}

Next CodeIgniter\Database\Exceptions\DatabaseException: Unknown database 'spotify' in C:\laragon\www\music_player_tutorial\system\Database\MySQLi\Connection.php:229
Stack trace:
#0 C:\laragon\www\music_player_tutorial\system\Database\BaseConnection.php(391): CodeIgniter\Database\MySQLi\Connection->connect(false)
#1 C:\laragon\www\music_player_tutorial\system\Database\BaseConnection.php(574): CodeIgniter\Database\BaseConnection->initialize()
#2 C:\laragon\www\music_player_tutorial\system\Database\BaseBuilder.php(1615): CodeIgniter\Database\BaseConnection->query('SELECT *\nFROM `...', Array, false)
#3 C:\laragon\www\music_player_tutorial\system\Model.php(237): CodeIgniter\Database\BaseBuilder->get()
#4 C:\laragon\www\music_player_tutorial\system\BaseModel.php(624): CodeIgniter\Model->doFindAll(0, 0)
#5 C:\laragon\www\music_player_tutorial\app\Controllers\MainController.php(23): CodeIgniter\BaseModel->findAll()
#6 C:\laragon\www\music_player_tutorial\system\CodeIgniter.php(919): App\Controllers\MainController->view()
#7 C:\laragon\www\music_player_tutorial\system\CodeIgniter.php(494): CodeIgniter\CodeIgniter->runController(Object(App\Controllers\MainController))
#8 C:\laragon\www\music_player_tutorial\system\CodeIgniter.php(353): CodeIgniter\CodeIgniter->handleRequest(NULL, Object(Config\Cache), false)
#9 C:\laragon\www\music_player_tutorial\public\index.php(79): CodeIgniter\CodeIgniter->run()
#10 C:\laragon\www\music_player_tutorial\system\Commands\Server\rewrite.php(47): require_once('C:\\laragon\\www\\...')
#11 {main}
CRITICAL - 2023-09-25 06:17:07 --> Unable to connect to the database.
Main connection [MySQLi]: Unknown database 'spotify'
in SYSTEMPATH\Database\BaseConnection.php on line 427.
 1 SYSTEMPATH\Database\BaseConnection.php(574): CodeIgniter\Database\BaseConnection->initialize()
 2 SYSTEMPATH\Database\BaseBuilder.php(1615): CodeIgniter\Database\BaseConnection->query('SELECT *
FROM `playlist`', [], false)
 3 SYSTEMPATH\Model.php(237): CodeIgniter\Database\BaseBuilder->get()
 4 SYSTEMPATH\BaseModel.php(624): CodeIgniter\Model->doFindAll(0, 0)
 5 APPPATH\Controllers\MainController.php(23): CodeIgniter\BaseModel->findAll()
 6 SYSTEMPATH\CodeIgniter.php(919): App\Controllers\MainController->view()
 7 SYSTEMPATH\CodeIgniter.php(494): CodeIgniter\CodeIgniter->runController(Object(App\Controllers\MainController))
 8 SYSTEMPATH\CodeIgniter.php(353): CodeIgniter\CodeIgniter->handleRequest(null, Object(Config\Cache), false)
 9 FCPATH\index.php(79): CodeIgniter\CodeIgniter->run()
10 SYSTEMPATH\Commands\Server\rewrite.php(47): require_once('C:\\laragon\\www\\music_player_tutorial\\public\\index.php')
CRITICAL - 2023-09-25 06:49:00 --> syntax error, unexpected '}', expecting end of file
in APPPATH\Controllers\MainController.php on line 63.
 1 SYSTEMPATH\Autoloader\Autoloader.php(285): CodeIgniter\Autoloader\Autoloader->includeFile('C:\\laragon\\www\\music_player_tutorial\\app\\Controllers\\MainController.php')
 2 SYSTEMPATH\Autoloader\Autoloader.php(263): CodeIgniter\Autoloader\Autoloader->loadInNamespace('App\\Controllers\\MainController')
 3 [internal function]: CodeIgniter\Autoloader\Autoloader->loadClass('App\\Controllers\\MainController')
 4 [internal function]: spl_autoload_call('App\\Controllers\\MainController')
 5 SYSTEMPATH\CodeIgniter.php(877): class_exists('\\App\\Controllers\\MainController', true)
 6 SYSTEMPATH\CodeIgniter.php(481): CodeIgniter\CodeIgniter->startController()
 7 SYSTEMPATH\CodeIgniter.php(353): CodeIgniter\CodeIgniter->handleRequest(null, Object(Config\Cache), false)
 8 FCPATH\index.php(79): CodeIgniter\CodeIgniter->run()
 9 SYSTEMPATH\Commands\Server\rewrite.php(47): require_once('C:\\laragon\\www\\music_player_tutorial\\public\\index.php')
CRITICAL - 2023-09-25 06:52:01 --> syntax error, unexpected '}', expecting end of file
in APPPATH\Controllers\MainController.php on line 63.
 1 SYSTEMPATH\Autoloader\Autoloader.php(285): CodeIgniter\Autoloader\Autoloader->includeFile('C:\\laragon\\www\\music_player_tutorial\\app\\Controllers\\MainController.php')
 2 SYSTEMPATH\Autoloader\Autoloader.php(263): CodeIgniter\Autoloader\Autoloader->loadInNamespace('App\\Controllers\\MainController')
 3 [internal function]: CodeIgniter\Autoloader\Autoloader->loadClass('App\\Controllers\\MainController')
 4 [internal function]: spl_autoload_call('App\\Controllers\\MainController')
 5 SYSTEMPATH\CodeIgniter.php(877): class_exists('\\App\\Controllers\\MainController', true)
 6 SYSTEMPATH\CodeIgniter.php(481): CodeIgniter\CodeIgniter->startController()
 7 SYSTEMPATH\CodeIgniter.php(353): CodeIgniter\CodeIgniter->handleRequest(null, Object(Config\Cache), false)
 8 FCPATH\index.php(79): CodeIgniter\CodeIgniter->run()
 9 SYSTEMPATH\Commands\Server\rewrite.php(47): require_once('C:\\laragon\\www\\music_player_tutorial\\public\\index.php')
CRITICAL - 2023-09-25 06:52:13 --> syntax error, unexpected '}', expecting end of file
in APPPATH\Controllers\MainController.php on line 63.
 1 SYSTEMPATH\Autoloader\Autoloader.php(285): CodeIgniter\Autoloader\Autoloader->includeFile('C:\\laragon\\www\\music_player_tutorial\\app\\Controllers\\MainController.php')
 2 SYSTEMPATH\Autoloader\Autoloader.php(263): CodeIgniter\Autoloader\Autoloader->loadInNamespace('App\\Controllers\\MainController')
 3 [internal function]: CodeIgniter\Autoloader\Autoloader->loadClass('App\\Controllers\\MainController')
 4 [internal function]: spl_autoload_call('App\\Controllers\\MainController')
 5 SYSTEMPATH\CodeIgniter.php(877): class_exists('\\App\\Controllers\\MainController', true)
 6 SYSTEMPATH\CodeIgniter.php(481): CodeIgniter\CodeIgniter->startController()
 7 SYSTEMPATH\CodeIgniter.php(353): CodeIgniter\CodeIgniter->handleRequest(null, Object(Config\Cache), false)
 8 FCPATH\index.php(79): CodeIgniter\CodeIgniter->run()
 9 SYSTEMPATH\Commands\Server\rewrite.php(47): require_once('C:\\laragon\\www\\music_player_tutorial\\public\\index.php')
ERROR - 2023-09-25 11:01:58 --> Error connecting to the database: mysqli_sql_exception: Unknown database 'spotfy' in C:\laragon\www\MusicPlaylist\system\Database\MySQLi\Connection.php:185
Stack trace:
#0 C:\laragon\www\MusicPlaylist\system\Database\MySQLi\Connection.php(185): mysqli->real_connect('localhost', 'root', '', 'spotfy', 3306, '', 0)
#1 C:\laragon\www\MusicPlaylist\system\Database\BaseConnection.php(391): CodeIgniter\Database\MySQLi\Connection->connect(false)
#2 C:\laragon\www\MusicPlaylist\system\Database\BaseConnection.php(574): CodeIgniter\Database\BaseConnection->initialize()
#3 C:\laragon\www\MusicPlaylist\system\Database\BaseBuilder.php(1615): CodeIgniter\Database\BaseConnection->query('SELECT *\nFROM `...', Array, false)
#4 C:\laragon\www\MusicPlaylist\system\Model.php(237): CodeIgniter\Database\BaseBuilder->get()
#5 C:\laragon\www\MusicPlaylist\system\BaseModel.php(624): CodeIgniter\Model->doFindAll(0, 0)
#6 C:\laragon\www\MusicPlaylist\app\Controllers\MainController.php(25): CodeIgniter\BaseModel->findAll()
#7 C:\laragon\www\MusicPlaylist\system\CodeIgniter.php(919): App\Controllers\MainController->view()
#8 C:\laragon\www\MusicPlaylist\system\CodeIgniter.php(494): CodeIgniter\CodeIgniter->runController(Object(App\Controllers\MainController))
#9 C:\laragon\www\MusicPlaylist\system\CodeIgniter.php(353): CodeIgniter\CodeIgniter->handleRequest(NULL, Object(Config\Cache), false)
#10 C:\laragon\www\MusicPlaylist\public\index.php(79): CodeIgniter\CodeIgniter->run()
#11 C:\laragon\www\MusicPlaylist\system\Commands\Server\rewrite.php(47): require_once('C:\\laragon\\www\\...')
#12 {main}

Next CodeIgniter\Database\Exceptions\DatabaseException: Unknown database 'spotfy' in C:\laragon\www\MusicPlaylist\system\Database\MySQLi\Connection.php:229
Stack trace:
#0 C:\laragon\www\MusicPlaylist\system\Database\BaseConnection.php(391): CodeIgniter\Database\MySQLi\Connection->connect(false)
#1 C:\laragon\www\MusicPlaylist\system\Database\BaseConnection.php(574): CodeIgniter\Database\BaseConnection->initialize()
#2 C:\laragon\www\MusicPlaylist\system\Database\BaseBuilder.php(1615): CodeIgniter\Database\BaseConnection->query('SELECT *\nFROM `...', Array, false)
#3 C:\laragon\www\MusicPlaylist\system\Model.php(237): CodeIgniter\Database\BaseBuilder->get()
#4 C:\laragon\www\MusicPlaylist\system\BaseModel.php(624): CodeIgniter\Model->doFindAll(0, 0)
#5 C:\laragon\www\MusicPlaylist\app\Controllers\MainController.php(25): CodeIgniter\BaseModel->findAll()
#6 C:\laragon\www\MusicPlaylist\system\CodeIgniter.php(919): App\Controllers\MainController->view()
#7 C:\laragon\www\MusicPlaylist\system\CodeIgniter.php(494): CodeIgniter\CodeIgniter->runController(Object(App\Controllers\MainController))
#8 C:\laragon\www\MusicPlaylist\system\CodeIgniter.php(353): CodeIgniter\CodeIgniter->handleRequest(NULL, Object(Config\Cache), false)
#9 C:\laragon\www\MusicPlaylist\public\index.php(79): CodeIgniter\CodeIgniter->run()
#10 C:\laragon\www\MusicPlaylist\system\Commands\Server\rewrite.php(47): require_once('C:\\laragon\\www\\...')
#11 {main}
CRITICAL - 2023-09-25 11:01:58 --> Unable to connect to the database.
Main connection [MySQLi]: Unknown database 'spotfy'
in SYSTEMPATH\Database\BaseConnection.php on line 427.
 1 SYSTEMPATH\Database\BaseConnection.php(574): CodeIgniter\Database\BaseConnection->initialize()
 2 SYSTEMPATH\Database\BaseBuilder.php(1615): CodeIgniter\Database\BaseConnection->query('SELECT *
FROM `playlist`', [], false)
 3 SYSTEMPATH\Model.php(237): CodeIgniter\Database\BaseBuilder->get()
 4 SYSTEMPATH\BaseModel.php(624): CodeIgniter\Model->doFindAll(0, 0)
 5 APPPATH\Controllers\MainController.php(25): CodeIgniter\BaseModel->findAll()
 6 SYSTEMPATH\CodeIgniter.php(919): App\Controllers\MainController->view()
 7 SYSTEMPATH\CodeIgniter.php(494): CodeIgniter\CodeIgniter->runController(Object(App\Controllers\MainController))
 8 SYSTEMPATH\CodeIgniter.php(353): CodeIgniter\CodeIgniter->handleRequest(null, Object(Config\Cache), false)
 9 FCPATH\index.php(79): CodeIgniter\CodeIgniter->run()
10 SYSTEMPATH\Commands\Server\rewrite.php(47): require_once('C:\\laragon\\www\\MusicPlaylist\\public\\index.php')
ERROR - 2023-09-25 11:04:51 --> mysqli_sql_exception: Cannot add or update a child row: a foreign key constraint fails (`musicplayer`.`playlist`, CONSTRAINT `playlist_ibfk_1` FOREIGN KEY (`id`) REFERENCES `bridge` (`playlist_id`)) in C:\laragon\www\MusicPlaylist\system\Database\MySQLi\Connection.php:306
Stack trace:
#0 C:\laragon\www\MusicPlaylist\system\Database\MySQLi\Connection.php(306): mysqli->query('INSERT INTO `pl...', 0)
#1 C:\laragon\www\MusicPlaylist\system\Database\BaseConnection.php(692): CodeIgniter\Database\MySQLi\Connection->execute('INSERT INTO `pl...')
#2 C:\laragon\www\MusicPlaylist\system\Database\BaseConnection.php(606): CodeIgniter\Database\BaseConnection->simpleQuery('INSERT INTO `pl...')
#3 C:\laragon\www\MusicPlaylist\system\Database\BaseBuilder.php(2308): CodeIgniter\Database\BaseConnection->query('INSERT INTO `pl...', Array, false)
#4 C:\laragon\www\MusicPlaylist\system\Model.php(319): CodeIgniter\Database\BaseBuilder->insert()
#5 C:\laragon\www\MusicPlaylist\system\BaseModel.php(788): CodeIgniter\Model->doInsert(Array)
#6 C:\laragon\www\MusicPlaylist\system\Model.php(715): CodeIgniter\BaseModel->insert(Array, false)
#7 C:\laragon\www\MusicPlaylist\system\BaseModel.php(698): CodeIgniter\Model->insert(Array, false)
#8 C:\laragon\www\MusicPlaylist\app\Controllers\MainController.php(38): CodeIgniter\BaseModel->save(Array)
#9 C:\laragon\www\MusicPlaylist\system\CodeIgniter.php(919): App\Controllers\MainController->createPlaylist()
#10 C:\laragon\www\MusicPlaylist\system\CodeIgniter.php(494): CodeIgniter\CodeIgniter->runController(Object(App\Controllers\MainController))
#11 C:\laragon\www\MusicPlaylist\system\CodeIgniter.php(353): CodeIgniter\CodeIgniter->handleRequest(NULL, Object(Config\Cache), false)
#12 C:\laragon\www\MusicPlaylist\public\index.php(79): CodeIgniter\CodeIgniter->run()
#13 C:\laragon\www\MusicPlaylist\system\Commands\Server\rewrite.php(47): require_once('C:\\laragon\\www\\...')
#14 {main}
CRITICAL - 2023-09-25 11:04:51 --> Cannot add or update a child row: a foreign key constraint fails (`musicplayer`.`playlist`, CONSTRAINT `playlist_ibfk_1` FOREIGN KEY (`id`) REFERENCES `bridge` (`playlist_id`))
in SYSTEMPATH\Database\BaseConnection.php on line 646.
 1 SYSTEMPATH\Database\BaseBuilder.php(2308): CodeIgniter\Database\BaseConnection->query('INSERT INTO `playlist` (`name`) VALUES (:name:)', [...], false)
 2 SYSTEMPATH\Model.php(319): CodeIgniter\Database\BaseBuilder->insert()
 3 SYSTEMPATH\BaseModel.php(788): CodeIgniter\Model->doInsert([...])
 4 SYSTEMPATH\Model.php(715): CodeIgniter\BaseModel->insert([...], false)
 5 SYSTEMPATH\BaseModel.php(698): CodeIgniter\Model->insert([...], false)
 6 APPPATH\Controllers\MainController.php(38): CodeIgniter\BaseModel->save([...])
 7 SYSTEMPATH\CodeIgniter.php(919): App\Controllers\MainController->createPlaylist()
 8 SYSTEMPATH\CodeIgniter.php(494): CodeIgniter\CodeIgniter->runController(Object(App\Controllers\MainController))
 9 SYSTEMPATH\CodeIgniter.php(353): CodeIgniter\CodeIgniter->handleRequest(null, Object(Config\Cache), false)
10 FCPATH\index.php(79): CodeIgniter\CodeIgniter->run()
11 SYSTEMPATH\Commands\Server\rewrite.php(47): require_once('C:\\laragon\\www\\MusicPlaylist\\public\\index.php')
